0 info it worked if it ends with ok
1 verbose cli [ 'C:\\Program Files\\nodejs\\node.exe',
1 verbose cli   'C:\\Program Files\\nodejs\\node_modules\\npm\\bin\\npm-cli.js',
1 verbose cli   'install',
1 verbose cli   'hexo-deployer-git',
1 verbose cli   '–-save' ]
2 info using npm@3.10.10
3 info using node@v6.9.5
4 silly loadCurrentTree Starting
5 silly install loadCurrentTree
6 silly install readLocalPackageData
7 silly fetchPackageMetaData hexo-deployer-git@^0.2.0
8 silly fetchPackageMetaData –-save
9 silly fetchNamedPackageData hexo-deployer-git
10 silly mapToRegistry name hexo-deployer-git
11 silly mapToRegistry using default registry
12 silly mapToRegistry registry https://registry.npmjs.org/
13 silly mapToRegistry data Result {
13 silly mapToRegistry   raw: 'hexo-deployer-git',
13 silly mapToRegistry   scope: null,
13 silly mapToRegistry   escapedName: 'hexo-deployer-git',
13 silly mapToRegistry   name: 'hexo-deployer-git',
13 silly mapToRegistry   rawSpec: '',
13 silly mapToRegistry   spec: 'latest',
13 silly mapToRegistry   type: 'tag' }
14 silly mapToRegistry uri https://registry.npmjs.org/hexo-deployer-git
15 silly fetchOtherPackageData –-save
16 silly cache add args [ '–-save', null ]
17 verbose cache add spec –-save
18 silly cache add parsed spec Result {
18 silly cache add   raw: '–-save',
18 silly cache add   scope: null,
18 silly cache add   escapedName: null,
18 silly cache add   name: null,
18 silly cache add   rawSpec: '–-save',
18 silly cache add   spec: 'D:\\pingnz.github.io\\–-save',
18 silly cache add   type: 'local' }
19 error addLocal Could not install D:\pingnz.github.io\–-save
20 silly fetchPackageMetaData Error: ENOENT: no such file or directory, open 'D:\pingnz.github.io\–-save'
20 silly fetchPackageMetaData     at Error (native)
20 silly fetchPackageMetaData  error for –-save { Error: ENOENT: no such file or directory, open 'D:\pingnz.github.io\–-save'
20 silly fetchPackageMetaData     at Error (native)
20 silly fetchPackageMetaData   errno: -4058,
20 silly fetchPackageMetaData   code: 'ENOENT',
20 silly fetchPackageMetaData   syscall: 'open',
20 silly fetchPackageMetaData   path: 'D:\\pingnz.github.io\\–-save' }
21 verbose request uri https://registry.npmjs.org/hexo-deployer-git
22 verbose request no auth needed
23 info attempt registry request try #1 at 12:59:45
24 verbose request id 41e3ef21ad830249
25 verbose etag W/"575e9f38-2c2f"
26 verbose lastModified Mon, 13 Jun 2016 11:55:36 GMT
27 http request GET https://registry.npmjs.org/hexo-deployer-git
28 info retry will retry, error on last attempt: TypeError: The header content contains invalid characters
29 info attempt registry request try #2 at 12:59:55
30 verbose etag W/"575e9f38-2c2f"
31 verbose lastModified Mon, 13 Jun 2016 11:55:36 GMT
32 http request GET https://registry.npmjs.org/hexo-deployer-git
33 info retry will retry, error on last attempt: TypeError: The header content contains invalid characters
34 info attempt registry request try #3 at 13:00:55
35 verbose etag W/"575e9f38-2c2f"
36 verbose lastModified Mon, 13 Jun 2016 11:55:36 GMT
37 http request GET https://registry.npmjs.org/hexo-deployer-git
38 silly get cb [ 304, undefined ]
39 verbose etag https://registry.npmjs.org/hexo-deployer-git from cache
40 verbose get saving hexo-deployer-git to C:\Users\wenpingy\AppData\Roaming\npm-cache\registry.npmjs.org\hexo-deployer-git\.cache.json
41 verbose correctMkdir C:\Users\wenpingy\AppData\Roaming\npm-cache correctMkdir not in flight; initializing
42 silly rollbackFailedOptional Starting
43 silly rollbackFailedOptional Finishing
44 silly runTopLevelLifecycles Finishing
45 silly install printInstalled
46 verbose stack Error: ENOENT: no such file or directory, open 'D:\pingnz.github.io\–-save'
46 verbose stack     at Error (native)
47 verbose cwd D:\pingnz.github.io
48 error Windows_NT 6.3.9600
49 error argv "C:\\Program Files\\nodejs\\node.exe" "C:\\Program Files\\nodejs\\node_modules\\npm\\bin\\npm-cli.js" "install" "hexo-deployer-git" "–-save"
50 error node v6.9.5
51 error npm  v3.10.10
52 error path D:\pingnz.github.io\–-save
53 error code ENOENT
54 error errno -4058
55 error syscall open
56 error enoent ENOENT: no such file or directory, open 'D:\pingnz.github.io\–-save'
57 error enoent ENOENT: no such file or directory, open 'D:\pingnz.github.io\–-save'
57 error enoent This is most likely not a problem with npm itself
57 error enoent and is related to npm not being able to find a file.
58 verbose exit [ -4058, true ]
